[2019-02-21 01:24:51] local.ERROR: preg_match(): Compilation failed: nothing to repeat at offset 10 {"exception":"[object] (ErrorException(code: 0): preg_match(): Compilation failed: nothing to repeat at offset 10 at /Users/isaacoduh/Sites/laravuecrud/vendor/laravel/framework/src/Illuminate/Routing/Matching/UriValidator.php:21)
[stacktrace]
#0 [internal function]: Illuminate\\Foundation\\Bootstrap\\HandleExceptions->handleError(2, 'preg_match(): C...', '/Users/isaacodu...', 21, Array)
#1 /Users/isaacoduh/Sites/laravuecrud/vendor/laravel/framework/src/Illuminate/Routing/Matching/UriValidator.php(21): preg_match('#^/(?P<any>*)$#...', '/')
#2 /Users/isaacoduh/Sites/laravuecrud/vendor/laravel/framework/src/Illuminate/Routing/Route.php(275): Illuminate\\Routing\\Matching\\UriValidator->matches(Object(Illuminate\\Routing\\Route), Object(Illuminate\\Http\\Request))
#3 /Users/isaacoduh/Sites/laravuecrud/vendor/laravel/framework/src/Illuminate/Routing/RouteCollection.php(197): Illuminate\\Routing\\Route->matches(Object(Illuminate\\Http\\Request), true)
#4 [internal function]: Illuminate\\Routing\\RouteCollection->Illuminate\\Routing\\{closure}(Object(Illuminate\\Routing\\Route), '{any}')
#5 /Users/isaacoduh/Sites/laravuecrud/vendor/laravel/framework/src/Illuminate/Support/Arr.php(175): call_user_func(Object(Closure), Object(Illuminate\\Routing\\Route), '{any}')
#6 /Users/isaacoduh/Sites/laravuecrud/vendor/laravel/framework/src/Illuminate/Support/Collection.php(759): Illuminate\\Support\\Arr::first(Array, Object(Closure), NULL)
#7 /Users/isaacoduh/Sites/laravuecrud/vendor/laravel/framework/src/Illuminate/Routing/RouteCollection.php(198): Illuminate\\Support\\Collection->first(Object(Closure))
#8 /Users/isaacoduh/Sites/laravuecrud/vendor/laravel/framework/src/Illuminate/Routing/RouteCollection.php(164): Illuminate\\Routing\\RouteCollection->matchAgainstRoutes(Object(Illuminate\\Support\\Collection), Object(Illuminate\\Http\\Request))
#9 /Users/isaacoduh/Sites/laravuecrud/vendor/laravel/framework/src/Illuminate/Routing/Router.php(636): Illuminate\\Routing\\RouteCollection->match(Object(Illuminate\\Http\\Request))
#10 /Users/isaacoduh/Sites/laravuecrud/vendor/laravel/framework/src/Illuminate/Routing/Router.php(625): Illuminate\\Routing\\Router->findRoute(Object(Illuminate\\Http\\Request))
#11 /Users/isaacoduh/Sites/laravuecrud/vendor/laravel/framework/src/Illuminate/Routing/Router.php(614): Illuminate\\Routing\\Router->dispatchToRoute(Object(Illuminate\\Http\\Request))
#12 /Users/isaacoduh/Sites/laravuecrud/vendor/laravel/framework/src/Illuminate/Foundation/Http/Kernel.php(176): Illuminate\\Routing\\Router->dispatch(Object(Illuminate\\Http\\Request))
#13 /Users/isaacoduh/Sites/laravuecrud/vendor/laravel/framework/src/Illuminate/Routing/Pipeline.php(30): Illuminate\\Foundation\\Http\\Kernel->Illuminate\\Foundation\\Http\\{closure}(Object(Illuminate\\Http\\Request))
#14 /Users/isaacoduh/Sites/laravuecrud/vendor/fideloper/proxy/src/TrustProxies.php(57): Illuminate\\Routing\\Pipeline->Illuminate\\Routing\\{closure}(Object(Illuminate\\Http\\Request))
#15 /Users/isaacoduh/Sites/laravuecrud/vendor/laravel/framework/src/Illuminate/Pipeline/Pipeline.php(163): Fideloper\\Proxy\\TrustProxies->handle(Object(Illuminate\\Http\\Request), Object(Closure))
#16 /Users/isaacoduh/Sites/laravuecrud/vendor/laravel/framework/src/Illuminate/Routing/Pipeline.php(53): Illuminate\\Pipeline\\Pipeline->Illuminate\\Pipeline\\{closure}(Object(Illuminate\\Http\\Request))
#17 /Users/isaacoduh/Sites/laravuecrud/vendor/laravel/framework/src/Illuminate/Foundation/Http/Middleware/TransformsRequest.php(31): Illuminate\\Routing\\Pipeline->Illuminate\\Routing\\{closure}(Object(Illuminate\\Http\\Request))
#18 /Users/isaacoduh/Sites/laravuecrud/vendor/laravel/framework/src/Illuminate/Pipeline/Pipeline.php(163): Illuminate\\Foundation\\Http\\Middleware\\TransformsRequest->handle(Object(Illuminate\\Http\\Request), Object(Closure))
#19 /Users/isaacoduh/Sites/laravuecrud/vendor/laravel/framework/src/Illuminate/Routing/Pipeline.php(53): Illuminate\\Pipeline\\Pipeline->Illuminate\\Pipeline\\{closure}(Object(Illuminate\\Http\\Request))
#20 /Users/isaacoduh/Sites/laravuecrud/vendor/laravel/framework/src/Illuminate/Foundation/Http/Middleware/TransformsRequest.php(31): Illuminate\\Routing\\Pipeline->Illuminate\\Routing\\{closure}(Object(Illuminate\\Http\\Request))
#21 /Users/isaacoduh/Sites/laravuecrud/vendor/laravel/framework/src/Illuminate/Pipeline/Pipeline.php(163): Illuminate\\Foundation\\Http\\Middleware\\TransformsRequest->handle(Object(Illuminate\\Http\\Request), Object(Closure))
#22 /Users/isaacoduh/Sites/laravuecrud/vendor/laravel/framework/src/Illuminate/Routing/Pipeline.php(53): Illuminate\\Pipeline\\Pipeline->Illuminate\\Pipeline\\{closure}(Object(Illuminate\\Http\\Request))
#23 /Users/isaacoduh/Sites/laravuecrud/vendor/laravel/framework/src/Illuminate/Foundation/Http/Middleware/ValidatePostSize.php(27): Illuminate\\Routing\\Pipeline->Illuminate\\Routing\\{closure}(Object(Illuminate\\Http\\Request))
#24 /Users/isaacoduh/Sites/laravuecrud/vendor/laravel/framework/src/Illuminate/Pipeline/Pipeline.php(163): Illuminate\\Foundation\\Http\\Middleware\\ValidatePostSize->handle(Object(Illuminate\\Http\\Request), Object(Closure))
#25 /Users/isaacoduh/Sites/laravuecrud/vendor/laravel/framework/src/Illuminate/Routing/Pipeline.php(53): Illuminate\\Pipeline\\Pipeline->Illuminate\\Pipeline\\{closure}(Object(Illuminate\\Http\\Request))
#26 /Users/isaacoduh/Sites/laravuecrud/vendor/laravel/framework/src/Illuminate/Foundation/Http/Middleware/CheckForMaintenanceMode.php(62): Illuminate\\Routing\\Pipeline->Illuminate\\Routing\\{closure}(Object(Illuminate\\Http\\Request))
#27 /Users/isaacoduh/Sites/laravuecrud/vendor/laravel/framework/src/Illuminate/Pipeline/Pipeline.php(163): Illuminate\\Foundation\\Http\\Middleware\\CheckForMaintenanceMode->handle(Object(Illuminate\\Http\\Request), Object(Closure))
#28 /Users/isaacoduh/Sites/laravuecrud/vendor/laravel/framework/src/Illuminate/Routing/Pipeline.php(53): Illuminate\\Pipeline\\Pipeline->Illuminate\\Pipeline\\{closure}(Object(Illuminate\\Http\\Request))
#29 /Users/isaacoduh/Sites/laravuecrud/vendor/laravel/framework/src/Illuminate/Pipeline/Pipeline.php(104): Illuminate\\Routing\\Pipeline->Illuminate\\Routing\\{closure}(Object(Illuminate\\Http\\Request))
#30 /Users/isaacoduh/Sites/laravuecrud/vendor/laravel/framework/src/Illuminate/Foundation/Http/Kernel.php(151): Illuminate\\Pipeline\\Pipeline->then(Object(Closure))
#31 /Users/isaacoduh/Sites/laravuecrud/vendor/laravel/framework/src/Illuminate/Foundation/Http/Kernel.php(116): Illuminate\\Foundation\\Http\\Kernel->sendRequestThroughRouter(Object(Illuminate\\Http\\Request))
#32 /Users/isaacoduh/Sites/laravuecrud/public/index.php(55): Illuminate\\Foundation\\Http\\Kernel->handle(Object(Illuminate\\Http\\Request))
#33 /Users/isaacoduh/.composer/vendor/laravel/valet/server.php(147): require('/Users/isaacodu...')
#34 {main}
"} 
